  main.cpp
c:\users\gal\documents\visual studio 2015\projects\hiraeth\hiraeth\src\maths\maths_funcs.h(10): warning C4244: 'return': conversion from 'double' to 'float', possible loss of data
C:\Users\gal\Documents\Visual Studio 2015\Projects\Hiraeth\Hiraeth\src\graphics\renderable2d.h(45): warning C4244: 'argument': conversion from 'unsigned int' to 'const float', possible loss of data
c:\users\gal\documents\visual studio 2015\projects\hiraeth\hiraeth\src\map\tile.h(22): warning C4244: 'return': conversion from 'unsigned int' to 'float', possible loss of data
  window.cpp
src\graphics\window.cpp(47): warning C4244: 'argument': conversion from 'double' to 'int', possible loss of data
  map.cpp
c:\users\gal\documents\visual studio 2015\projects\hiraeth\hiraeth\src\maths\maths_funcs.h(10): warning C4244: 'return': conversion from 'double' to 'float', possible loss of data
C:\Users\gal\Documents\Visual Studio 2015\Projects\Hiraeth\Hiraeth\src\graphics\renderable2d.h(45): warning C4244: 'argument': conversion from 'unsigned int' to 'const float', possible loss of data
c:\users\gal\documents\visual studio 2015\projects\hiraeth\hiraeth\src\map\tile.h(22): warning C4244: 'return': conversion from 'unsigned int' to 'float', possible loss of data
  tile.cpp
c:\users\gal\documents\visual studio 2015\projects\hiraeth\hiraeth\src\maths\maths_funcs.h(10): warning C4244: 'return': conversion from 'double' to 'float', possible loss of data
C:\Users\gal\Documents\Visual Studio 2015\Projects\Hiraeth\Hiraeth\src\graphics\renderable2d.h(45): warning C4244: 'argument': conversion from 'unsigned int' to 'const float', possible loss of data
c:\users\gal\documents\visual studio 2015\projects\hiraeth\hiraeth\src\map\tile.h(22): warning C4244: 'return': conversion from 'unsigned int' to 'float', possible loss of data
LINK : warning LNK4098: defaultlib 'LIBCMT' conflicts with use of other libs; use /NODEFAULTLIB:library
  Generating code
  158 of 386 functions (40.9%) were compiled, the rest were copied from previous compilation.
    66 functions were new in current compilation
    35 functions had inline decision re-evaluated but remain unchanged
  Finished generating code
glew32s.lib(glew.obj) : warning LNK4099: PDB 'vc120.pdb' was not found with 'glew32s.lib(glew.obj)' or at 'C:\Users\gal\Documents\Visual Studio 2015\Projects\Hiraeth\Release\vc120.pdb'; linking object as if no debug info
  Hiraeth.vcxproj -> C:\Users\gal\Documents\Visual Studio 2015\Projects\Hiraeth\Release\Hiraeth.exe
  Hiraeth.vcxproj -> C:\Users\gal\Documents\Visual Studio 2015\Projects\Hiraeth\Release\Hiraeth.pdb (Full PDB)
